# JRE version: Java(TM) SE Runtime Environment (8.0_202-b08) (build 1.8.0_202-b08)
# Java VM: Java HotSpot(TM) 64-Bit Server VM (25.202-b08 mixed mode windows-amd64 compressed oops)
Heap:
 PSYoungGen      total 215552K, used 167339K [0x00000000f0000000, 0x0000000100000000, 0x0000000100000000)
  eden space 169472K, 95% used [0x00000000f0000000,0x00000000f9de3fb8,0x00000000fa580000)
  from space 46080K, 12% used [0x00000000fa580000,0x00000000fab06de8,0x00000000fd280000)
  to   space 44544K, 0% used [0x00000000fd480000,0x00000000fd480000,0x0000000100000000)
 ParOldGen       total 524288K, used 133408K [0x00000000d0000000, 0x00000000f0000000, 0x00000000f0000000)
  object space 524288K, 25% used [0x00000000d0000000,0x00000000d8248128,0x00000000f0000000)
 Metaspace       used 74695K, capacity 77060K, committed 77144K, reserved 1116160K
  class space    used 9304K, capacity 10051K, committed 10112K, reserved 1048576K
GC Heap History (10 events):
Event: 119.933 GC heap before
{Heap before GC invocations=32 (full 3):
 PSYoungGen      total 214528K, used 173808K [0x00000000f0000000, 0x0000000100000000, 0x0000000100000000)
  eden space 166912K, 100% used [0x00000000f0000000,0x00000000fa300000,0x00000000fa300000)
  from space 47616K, 14% used [0x00000000fd180000,0x00000000fd83c030,0x0000000100000000)
  to   space 47616K, 0% used [0x00000000fa300000,0x00000000fa300000,0x00000000fd180000)
 ParOldGen       total 524288K, used 118488K [0x00000000d0000000, 0x00000000f0000000, 0x00000000f0000000)
  object space 524288K, 22% used [0x00000000d0000000,0x00000000d73b6320,0x00000000f0000000)
 Metaspace       used 67062K, capacity 68574K, committed 68696K, reserved 1110016K
  class space    used 8066K, capacity 8481K, committed 8576K, reserved 1048576K
Event: 119.943 GC heap after
Heap after GC invocations=32 (full 3):
 PSYoungGen      total 167936K, used 896K [0x00000000f0000000, 0x0000000100000000, 0x0000000100000000)
  eden space 166912K, 0% used [0x00000000f0000000,0x00000000f0000000,0x00000000fa300000)
  from space 1024K, 87% used [0x00000000fa300000,0x00000000fa3e0000,0x00000000fa400000)
  to   space 48640K, 0% used [0x00000000fd080000,0x00000000fd080000,0x0000000100000000)
 ParOldGen       total 524288K, used 124716K [0x00000000d0000000, 0x00000000f0000000, 0x00000000f0000000)
  object space 524288K, 23% used [0x00000000d0000000,0x00000000d79cb3d0,0x00000000f0000000)
 Metaspace       used 67062K, capacity 68574K, committed 68696K, reserved 1110016K
  class space    used 8066K, capacity 8481K, committed 8576K, reserved 1048576K
}
Event: 122.463 GC heap before
{Heap before GC invocations=33 (full 3):
 PSYoungGen      total 167936K, used 167808K [0x00000000f0000000, 0x0000000100000000, 0x0000000100000000)
  eden space 166912K, 100% used [0x00000000f0000000,0x00000000fa300000,0x00000000fa300000)
  from space 1024K, 87% used [0x00000000fa300000,0x00000000fa3e0000,0x00000000fa400000)
  to   space 48640K, 0% used [0x00000000fd080000,0x00000000fd080000,0x0000000100000000)
 ParOldGen       total 524288K, used 124716K [0x00000000d0000000, 0x00000000f0000000, 0x00000000f0000000)
  object space 524288K, 23% used [0x00000000d0000000,0x00000000d79cb3d0,0x00000000f0000000)
 Metaspace       used 68627K, capacity 70208K, committed 70488K, reserved 1112064K
  class space    used 8323K, capacity 8805K, committed 8832K, reserved 1048576K
Event: 122.472 GC heap after
Heap after GC invocations=33 (full 3):
 PSYoungGen      total 214016K, used 5083K [0x00000000f0000000, 0x0000000100000000, 0x0000000100000000)
  eden space 165376K, 0% used [0x00000000f0000000,0x00000000f0000000,0x00000000fa180000)
  from space 48640K, 10% used [0x00000000fd080000,0x00000000fd576d40,0x0000000100000000)
  to   space 48128K, 0% used [0x00000000fa180000,0x00000000fa180000,0x00000000fd080000)
 ParOldGen       total 524288K, used 125268K [0x00000000d0000000, 0x00000000f0000000, 0x00000000f0000000)
  object space 524288K, 23% used [0x00000000d0000000,0x00000000d7a553d0,0x00000000f0000000)
 Metaspace       used 68627K, capacity 70208K, committed 70488K, reserved 1112064K
  class space    used 8323K, capacity 8805K, committed 8832K, reserved 1048576K
}
Event: 130.390 GC heap before
{Heap before GC invocations=34 (full 3):
 PSYoungGen      total 214016K, used 170459K [0x00000000f0000000, 0x0000000100000000, 0x0000000100000000)
  eden space 165376K, 100% used [0x00000000f0000000,0x00000000fa180000,0x00000000fa180000)
  from space 48640K, 10% used [0x00000000fd080000,0x00000000fd576d40,0x0000000100000000)
  to   space 48128K, 0% used [0x00000000fa180000,0x00000000fa180000,0x00000000fd080000)
 ParOldGen       total 524288K, used 125268K [0x00000000d0000000, 0x00000000f0000000, 0x00000000f0000000)
  object space 524288K, 23% used [0x00000000d0000000,0x00000000d7a553d0,0x00000000f0000000)
 Metaspace       used 71425K, capacity 73172K, committed 73304K, reserved 1114112K
  class space    used 8742K, capacity 9327K, committed 9344K, reserved 1048576K
Event: 130.455 GC heap after
Heap after GC invocations=34 (full 3):
 PSYoungGen      total 213504K, used 6829K [0x00000000f0000000, 0x0000000100000000, 0x0000000100000000)
  eden space 165376K, 0% used [0x00000000f0000000,0x00000000f0000000,0x00000000fa180000)
  from space 48128K, 14% used [0x00000000fa180000,0x00000000fa82b430,0x00000000fd080000)
  to   space 46592K, 0% used [0x00000000fd280000,0x00000000fd280000,0x0000000100000000)
 ParOldGen       total 524288K, used 128999K [0x00000000d0000000, 0x00000000f0000000, 0x00000000f0000000)
  object space 524288K, 24% used [0x00000000d0000000,0x00000000d7df9f40,0x00000000f0000000)
 Metaspace       used 71425K, capacity 73172K, committed 73304K, reserved 1114112K
  class space    used 8742K, capacity 9327K, committed 9344K, reserved 1048576K
}
Event: 134.249 GC heap before
{Heap before GC invocations=35 (full 3):
 PSYoungGen      total 213504K, used 172205K [0x00000000f0000000, 0x0000000100000000, 0x0000000100000000)
  eden space 165376K, 100% used [0x00000000f0000000,0x00000000fa180000,0x00000000fa180000)
  from space 48128K, 14% used [0x00000000fa180000,0x00000000fa82b430,0x00000000fd080000)
  to   space 46592K, 0% used [0x00000000fd280000,0x00000000fd280000,0x0000000100000000)
 ParOldGen       total 524288K, used 128999K [0x00000000d0000000, 0x00000000f0000000, 0x00000000f0000000)
  object space 524288K, 24% used [0x00000000d0000000,0x00000000d7df9f40,0x00000000f0000000)
 Metaspace       used 72576K, capacity 74394K, committed 74456K, reserved 1114112K
  class space    used 8877K, capacity 9434K, committed 9472K, reserved 1048576K
Event: 134.259 GC heap after
Heap after GC invocations=35 (full 3):
 PSYoungGen      total 216064K, used 1740K [0x00000000f0000000, 0x0000000100000000, 0x0000000100000000)
  eden space 169472K, 0% used [0x00000000f0000000,0x00000000f0000000,0x00000000fa580000)
  from space 46592K, 3% used [0x00000000fd280000,0x00000000fd433370,0x0000000100000000)
  to   space 46080K, 0% used [0x00000000fa580000,0x00000000fa580000,0x00000000fd280000)
 ParOldGen       total 524288K, used 133400K [0x00000000d0000000, 0x00000000f0000000, 0x00000000f0000000)
  object space 524288K, 25% used [0x00000000d0000000,0x00000000d8246128,0x00000000f0000000)
 Metaspace       used 72576K, capacity 74394K, committed 74456K, reserved 1114112K
  class space    used 8877K, capacity 9434K, committed 9472K, reserved 1048576K
}
Event: 137.429 GC heap before
{Heap before GC invocations=36 (full 3):
 PSYoungGen      total 216064K, used 171212K [0x00000000f0000000, 0x0000000100000000, 0x0000000100000000)
  eden space 169472K, 100% used [0x00000000f0000000,0x00000000fa580000,0x00000000fa580000)
  from space 46592K, 3% used [0x00000000fd280000,0x00000000fd433370,0x0000000100000000)
  to   space 46080K, 0% used [0x00000000fa580000,0x00000000fa580000,0x00000000fd280000)
 ParOldGen       total 524288K, used 133400K [0x00000000d0000000, 0x00000000f0000000, 0x00000000f0000000)
  object space 524288K, 25% used [0x00000000d0000000,0x00000000d8246128,0x00000000f0000000)
 Metaspace       used 73673K, capacity 75544K, committed 75736K, reserved 1116160K
  class space    used 9072K, capacity 9689K, committed 9728K, reserved 1048576K
Event: 137.483 GC heap after
Heap after GC invocations=36 (full 3):
 PSYoungGen      total 215552K, used 5659K [0x00000000f0000000, 0x0000000100000000, 0x0000000100000000)
  eden space 169472K, 0% used [0x00000000f0000000,0x00000000f0000000,0x00000000fa580000)
  from space 46080K, 12% used [0x00000000fa580000,0x00000000fab06de8,0x00000000fd280000)
  to   space 44544K, 0% used [0x00000000fd480000,0x00000000fd480000,0x0000000100000000)
 ParOldGen       total 524288K, used 133408K [0x00000000d0000000, 0x00000000f0000000, 0x00000000f0000000)
  object space 524288K, 25% used [0x00000000d0000000,0x00000000d8248128,0x00000000f0000000)
 Metaspace       used 73673K, capacity 75544K, committed 75736K, reserved 1116160K
  class space    used 9072K, capacity 9689K, committed 9728K, reserved 1048576K
}

