# JRE version: Java(TM) SE Runtime Environment (8.0_202-b08) (build 1.8.0_202-b08)
# Java VM: Java HotSpot(TM) 64-Bit Server VM (25.202-b08 mixed mode windows-amd64 compressed oops)
Heap:
 PSYoungGen      total 120832K, used 76997K [0x00000000eab00000, 0x00000000f2b80000, 0x0000000100000000)
  eden space 112640K, 61% used [0x00000000eab00000,0x00000000eee35700,0x00000000f1900000)
  from space 8192K, 99% used [0x00000000f1900000,0x00000000f20fc020,0x00000000f2100000)
  to   space 8192K, 0% used [0x00000000f2100000,0x00000000f2100000,0x00000000f2900000)
 ParOldGen       total 52224K, used 20135K [0x00000000c0000000, 0x00000000c3300000, 0x00000000eab00000)
  object space 52224K, 38% used [0x00000000c0000000,0x00000000c13a9d08,0x00000000c3300000)
 Metaspace       used 40090K, capacity 40974K, committed 41088K, reserved 1085440K
  class space    used 5676K, capacity 5956K, committed 6016K, reserved 1048576K
GC Heap History (10 events):
Event: 7.861 GC heap before
{Heap before GC invocations=11 (full 1):
 PSYoungGen      total 65536K, used 64206K [0x00000000eab00000, 0x00000000f0a00000, 0x0000000100000000)
  eden space 58368K, 100% used [0x00000000eab00000,0x00000000ee400000,0x00000000ee400000)
  from space 7168K, 81% used [0x00000000ee400000,0x00000000ee9b38f8,0x00000000eeb00000)
  to   space 7168K, 0% used [0x00000000f0300000,0x00000000f0300000,0x00000000f0a00000)
 ParOldGen       total 29696K, used 7788K [0x00000000c0000000, 0x00000000c1d00000, 0x00000000eab00000)
  object space 29696K, 26% used [0x00000000c0000000,0x00000000c079b230,0x00000000c1d00000)
 Metaspace       used 29082K, capacity 29602K, committed 29952K, reserved 1075200K
  class space    used 4047K, capacity 4228K, committed 4352K, reserved 1048576K
Event: 7.870 GC heap after
Heap after GC invocations=11 (full 1):
 PSYoungGen      total 88064K, used 6628K [0x00000000eab00000, 0x00000000f0980000, 0x0000000100000000)
  eden space 81408K, 0% used [0x00000000eab00000,0x00000000eab00000,0x00000000efa80000)
  from space 6656K, 99% used [0x00000000f0300000,0x00000000f09792b8,0x00000000f0980000)
  to   space 7680K, 0% used [0x00000000efa80000,0x00000000efa80000,0x00000000f0200000)
 ParOldGen       total 29696K, used 7860K [0x00000000c0000000, 0x00000000c1d00000, 0x00000000eab00000)
  object space 29696K, 26% used [0x00000000c0000000,0x00000000c07ad240,0x00000000c1d00000)
 Metaspace       used 29082K, capacity 29602K, committed 29952K, reserved 1075200K
  class space    used 4047K, capacity 4228K, committed 4352K, reserved 1048576K
}
Event: 9.261 GC heap before
{Heap before GC invocations=12 (full 1):
 PSYoungGen      total 88064K, used 88036K [0x00000000eab00000, 0x00000000f0980000, 0x0000000100000000)
  eden space 81408K, 100% used [0x00000000eab00000,0x00000000efa80000,0x00000000efa80000)
  from space 6656K, 99% used [0x00000000f0300000,0x00000000f09792b8,0x00000000f0980000)
  to   space 7680K, 0% used [0x00000000efa80000,0x00000000efa80000,0x00000000f0200000)
 ParOldGen       total 29696K, used 7860K [0x00000000c0000000, 0x00000000c1d00000, 0x00000000eab00000)
  object space 29696K, 26% used [0x00000000c0000000,0x00000000c07ad240,0x00000000c1d00000)
 Metaspace       used 33308K, capacity 33828K, committed 34048K, reserved 1079296K
  class space    used 4661K, capacity 4818K, committed 4864K, reserved 1048576K
Event: 9.278 GC heap after
Heap after GC invocations=12 (full 1):
 PSYoungGen      total 89088K, used 6088K [0x00000000eab00000, 0x00000000f2900000, 0x0000000100000000)
  eden space 81408K, 0% used [0x00000000eab00000,0x00000000eab00000,0x00000000efa80000)
  from space 7680K, 79% used [0x00000000efa80000,0x00000000f0072158,0x00000000f0200000)
  to   space 8192K, 0% used [0x00000000f2100000,0x00000000f2100000,0x00000000f2900000)
 ParOldGen       total 29696K, used 12424K [0x00000000c0000000, 0x00000000c1d00000, 0x00000000eab00000)
  object space 29696K, 41% used [0x00000000c0000000,0x00000000c0c22250,0x00000000c1d00000)
 Metaspace       used 33308K, capacity 33828K, committed 34048K, reserved 1079296K
  class space    used 4661K, capacity 4818K, committed 4864K, reserved 1048576K
}
Event: 9.595 GC heap before
{Heap before GC invocations=13 (full 1):
 PSYoungGen      total 89088K, used 34856K [0x00000000eab00000, 0x00000000f2900000, 0x0000000100000000)
  eden space 81408K, 35% used [0x00000000eab00000,0x00000000ec718068,0x00000000efa80000)
  from space 7680K, 79% used [0x00000000efa80000,0x00000000f0072158,0x00000000f0200000)
  to   space 8192K, 0% used [0x00000000f2100000,0x00000000f2100000,0x00000000f2900000)
 ParOldGen       total 29696K, used 12424K [0x00000000c0000000, 0x00000000c1d00000, 0x00000000eab00000)
  object space 29696K, 41% used [0x00000000c0000000,0x00000000c0c22250,0x00000000c1d00000)
 Metaspace       used 34822K, capacity 35354K, committed 35416K, reserved 1079296K
  class space    used 4914K, capacity 5115K, committed 5120K, reserved 1048576K
Event: 9.604 GC heap after
Heap after GC invocations=13 (full 1):
 PSYoungGen      total 120832K, used 2290K [0x00000000eab00000, 0x00000000f2b80000, 0x0000000100000000)
  eden space 112640K, 0% used [0x00000000eab00000,0x00000000eab00000,0x00000000f1900000)
  from space 8192K, 27% used [0x00000000f2100000,0x00000000f233c940,0x00000000f2900000)
  to   space 8192K, 0% used [0x00000000f1900000,0x00000000f1900000,0x00000000f2100000)
 ParOldGen       total 29696K, used 16108K [0x00000000c0000000, 0x00000000c1d00000, 0x00000000eab00000)
  object space 29696K, 54% used [0x00000000c0000000,0x00000000c0fbb110,0x00000000c1d00000)
 Metaspace       used 34822K, capacity 35354K, committed 35416K, reserved 1079296K
  class space    used 4914K, capacity 5115K, committed 5120K, reserved 1048576K
}
Event: 9.604 GC heap before
{Heap before GC invocations=14 (full 2):
 PSYoungGen      total 120832K, used 2290K [0x00000000eab00000, 0x00000000f2b80000, 0x0000000100000000)
  eden space 112640K, 0% used [0x00000000eab00000,0x00000000eab00000,0x00000000f1900000)
  from space 8192K, 27% used [0x00000000f2100000,0x00000000f233c940,0x00000000f2900000)
  to   space 8192K, 0% used [0x00000000f1900000,0x00000000f1900000,0x00000000f2100000)
 ParOldGen       total 29696K, used 16108K [0x00000000c0000000, 0x00000000c1d00000, 0x00000000eab00000)
  object space 29696K, 54% used [0x00000000c0000000,0x00000000c0fbb110,0x00000000c1d00000)
 Metaspace       used 34822K, capacity 35354K, committed 35416K, reserved 1079296K
  class space    used 4914K, capacity 5115K, committed 5120K, reserved 1048576K
Event: 9.808 GC heap after
Heap after GC invocations=14 (full 2):
 PSYoungGen      total 120832K, used 0K [0x00000000eab00000, 0x00000000f2b80000, 0x0000000100000000)
  eden space 112640K, 0% used [0x00000000eab00000,0x00000000eab00000,0x00000000f1900000)
  from space 8192K, 0% used [0x00000000f2100000,0x00000000f2100000,0x00000000f2900000)
  to   space 8192K, 0% used [0x00000000f1900000,0x00000000f1900000,0x00000000f2100000)
 ParOldGen       total 52224K, used 17140K [0x00000000c0000000, 0x00000000c3300000, 0x00000000eab00000)
  object space 52224K, 32% used [0x00000000c0000000,0x00000000c10bd2c0,0x00000000c3300000)
 Metaspace       used 34822K, capacity 35354K, committed 35416K, reserved 1079296K
  class space    used 4914K, capacity 5115K, committed 5120K, reserved 1048576K
}
Event: 11.184 GC heap before
{Heap before GC invocations=15 (full 2):
 PSYoungGen      total 120832K, used 112640K [0x00000000eab00000, 0x00000000f2b80000, 0x0000000100000000)
  eden space 112640K, 100% used [0x00000000eab00000,0x00000000f1900000,0x00000000f1900000)
  from space 8192K, 0% used [0x00000000f2100000,0x00000000f2100000,0x00000000f2900000)
  to   space 8192K, 0% used [0x00000000f1900000,0x00000000f1900000,0x00000000f2100000)
 ParOldGen       total 52224K, used 17140K [0x00000000c0000000, 0x00000000c3300000, 0x00000000eab00000)
  object space 52224K, 32% used [0x00000000c0000000,0x00000000c10bd2c0,0x00000000c3300000)
 Metaspace       used 37461K, capacity 38286K, committed 38400K, reserved 1081344K
  class space    used 5337K, capacity 5582K, committed 5632K, reserved 1048576K
Event: 11.205 GC heap after
Heap after GC invocations=15 (full 2):
 PSYoungGen      total 120832K, used 8176K [0x00000000eab00000, 0x00000000f2b80000, 0x0000000100000000)
  eden space 112640K, 0% used [0x00000000eab00000,0x00000000eab00000,0x00000000f1900000)
  from space 8192K, 99% used [0x00000000f1900000,0x00000000f20fc020,0x00000000f2100000)
  to   space 8192K, 0% used [0x00000000f2100000,0x00000000f2100000,0x00000000f2900000)
 ParOldGen       total 52224K, used 20135K [0x00000000c0000000, 0x00000000c3300000, 0x00000000eab00000)
  object space 52224K, 38% used [0x00000000c0000000,0x00000000c13a9d08,0x00000000c3300000)
 Metaspace       used 37461K, capacity 38286K, committed 38400K, reserved 1081344K
  class space    used 5337K, capacity 5582K, committed 5632K, reserved 1048576K
}

