Heap:
 PSYoungGen      total 145408K, used 39010K [0x00000000eab00000, 0x00000000f5b00000, 0x0000000100000000)
  eden space 134144K, 24% used [0x00000000eab00000,0x00000000ecb5e138,0x00000000f2e00000)
  from space 11264K, 52% used [0x00000000f2e00000,0x00000000f33ba778,0x00000000f3900000)
  to   space 10752K, 0% used [0x00000000f5080000,0x00000000f5080000,0x00000000f5b00000)
 ParOldGen       total 52224K, used 28275K [0x00000000c0000000, 0x00000000c3300000, 0x00000000eab00000)
  object space 52224K, 54% used [0x00000000c0000000,0x00000000c1b9cfa0,0x00000000c3300000)
 Metaspace       used 41689K, capacity 42628K, committed 42880K, reserved 1085440K
  class space    used 5852K, capacity 6166K, committed 6272K, reserved 1048576K
GC Heap History (10 events):
Event: 10.809 GC heap before
{Heap before GC invocations=13 (full 1):
 PSYoungGen      total 89088K, used 33111K [0x00000000eab00000, 0x00000000f2680000, 0x0000000100000000)
  eden space 80896K, 33% used [0x00000000eab00000,0x00000000ec57c658,0x00000000efa00000)
  from space 8192K, 73% used [0x00000000efa00000,0x00000000effd9668,0x00000000f0200000)
  to   space 8192K, 0% used [0x00000000f1e80000,0x00000000f1e80000,0x00000000f2680000)
 ParOldGen       total 30208K, used 12099K [0x00000000c0000000, 0x00000000c1d80000, 0x00000000eab00000)
  object space 30208K, 40% used [0x00000000c0000000,0x00000000c0bd0db8,0x00000000c1d80000)
 Metaspace       used 34821K, capacity 35322K, committed 35416K, reserved 1079296K
  class space    used 4906K, capacity 5083K, committed 5120K, reserved 1048576K
Event: 10.824 GC heap after
Heap after GC invocations=13 (full 1):
 PSYoungGen      total 118272K, used 2157K [0x00000000eab00000, 0x00000000f2900000, 0x0000000100000000)
  eden space 110080K, 0% used [0x00000000eab00000,0x00000000eab00000,0x00000000f1680000)
  from space 8192K, 26% used [0x00000000f1e80000,0x00000000f209b518,0x00000000f2680000)
  to   space 8192K, 0% used [0x00000000f1680000,0x00000000f1680000,0x00000000f1e80000)
 ParOldGen       total 30208K, used 15707K [0x00000000c0000000, 0x00000000c1d80000, 0x00000000eab00000)
  object space 30208K, 51% used [0x00000000c0000000,0x00000000c0f56c88,0x00000000c1d80000)
 Metaspace       used 34821K, capacity 35322K, committed 35416K, reserved 1079296K
  class space    used 4906K, capacity 5083K, committed 5120K, reserved 1048576K
}
Event: 10.824 GC heap before
{Heap before GC invocations=14 (full 2):
 PSYoungGen      total 118272K, used 2157K [0x00000000eab00000, 0x00000000f2900000, 0x0000000100000000)
  eden space 110080K, 0% used [0x00000000eab00000,0x00000000eab00000,0x00000000f1680000)
  from space 8192K, 26% used [0x00000000f1e80000,0x00000000f209b518,0x00000000f2680000)
  to   space 8192K, 0% used [0x00000000f1680000,0x00000000f1680000,0x00000000f1e80000)
 ParOldGen       total 30208K, used 15707K [0x00000000c0000000, 0x00000000c1d80000, 0x00000000eab00000)
  object space 30208K, 51% used [0x00000000c0000000,0x00000000c0f56c88,0x00000000c1d80000)
 Metaspace       used 34821K, capacity 35322K, committed 35416K, reserved 1079296K
  class space    used 4906K, capacity 5083K, committed 5120K, reserved 1048576K
Event: 11.053 GC heap after
Heap after GC invocations=14 (full 2):
 PSYoungGen      total 118272K, used 0K [0x00000000eab00000, 0x00000000f2900000, 0x0000000100000000)
  eden space 110080K, 0% used [0x00000000eab00000,0x00000000eab00000,0x00000000f1680000)
  from space 8192K, 0% used [0x00000000f1e80000,0x00000000f1e80000,0x00000000f2680000)
  to   space 8192K, 0% used [0x00000000f1680000,0x00000000f1680000,0x00000000f1e80000)
 ParOldGen       total 52224K, used 17078K [0x00000000c0000000, 0x00000000c3300000, 0x00000000eab00000)
  object space 52224K, 32% used [0x00000000c0000000,0x00000000c10ad9c8,0x00000000c3300000)
 Metaspace       used 34821K, capacity 35322K, committed 35416K, reserved 1079296K
  class space    used 4906K, capacity 5083K, committed 5120K, reserved 1048576K
}
Event: 12.682 GC heap before
{Heap before GC invocations=15 (full 2):
 PSYoungGen      total 118272K, used 110080K [0x00000000eab00000, 0x00000000f2900000, 0x0000000100000000)
  eden space 110080K, 100% used [0x00000000eab00000,0x00000000f1680000,0x00000000f1680000)
  from space 8192K, 0% used [0x00000000f1e80000,0x00000000f1e80000,0x00000000f2680000)
  to   space 8192K, 0% used [0x00000000f1680000,0x00000000f1680000,0x00000000f1e80000)
 ParOldGen       total 52224K, used 17078K [0x00000000c0000000, 0x00000000c3300000, 0x00000000eab00000)
  object space 52224K, 32% used [0x00000000c0000000,0x00000000c10ad9c8,0x00000000c3300000)
 Metaspace       used 37375K, capacity 38132K, committed 38400K, reserved 1081344K
  class space    used 5322K, capacity 5552K, committed 5632K, reserved 1048576K
Event: 12.703 GC heap after
Heap after GC invocations=15 (full 2):
 PSYoungGen      total 118272K, used 8176K [0x00000000eab00000, 0x00000000f4600000, 0x0000000100000000)
  eden space 110080K, 0% used [0x00000000eab00000,0x00000000eab00000,0x00000000f1680000)
  from space 8192K, 99% used [0x00000000f1680000,0x00000000f1e7c020,0x00000000f1e80000)
  to   space 10240K, 0% used [0x00000000f3c00000,0x00000000f3c00000,0x00000000f4600000)
 ParOldGen       total 52224K, used 20087K [0x00000000c0000000, 0x00000000c3300000, 0x00000000eab00000)
  object space 52224K, 38% used [0x00000000c0000000,0x00000000c139df30,0x00000000c3300000)
 Metaspace       used 37375K, capacity 38132K, committed 38400K, reserved 1081344K
  class space    used 5322K, capacity 5552K, committed 5632K, reserved 1048576K
}
Event: 30.718 GC heap before
{Heap before GC invocations=16 (full 2):
 PSYoungGen      total 118272K, used 118256K [0x00000000eab00000, 0x00000000f4600000, 0x0000000100000000)
  eden space 110080K, 100% used [0x00000000eab00000,0x00000000f1680000,0x00000000f1680000)
  from space 8192K, 99% used [0x00000000f1680000,0x00000000f1e7c020,0x00000000f1e80000)
  to   space 10240K, 0% used [0x00000000f3c00000,0x00000000f3c00000,0x00000000f4600000)
 ParOldGen       total 52224K, used 20087K [0x00000000c0000000, 0x00000000c3300000, 0x00000000eab00000)
  object space 52224K, 38% used [0x00000000c0000000,0x00000000c139df30,0x00000000c3300000)
 Metaspace       used 41182K, capacity 42166K, committed 42368K, reserved 1085440K
  class space    used 5828K, capacity 6153K, committed 6272K, reserved 1048576K
Event: 30.742 GC heap after
Heap after GC invocations=16 (full 2):
 PSYoungGen      total 142336K, used 8111K [0x00000000eab00000, 0x00000000f4400000, 0x0000000100000000)
  eden space 134144K, 0% used [0x00000000eab00000,0x00000000eab00000,0x00000000f2e00000)
  from space 8192K, 99% used [0x00000000f3c00000,0x00000000f43ebd68,0x00000000f4400000)
  to   space 11264K, 0% used [0x00000000f2e00000,0x00000000f2e00000,0x00000000f3900000)
 ParOldGen       total 52224K, used 28267K [0x00000000c0000000, 0x00000000c3300000, 0x00000000eab00000)
  object space 52224K, 54% used [0x00000000c0000000,0x00000000c1b9afa0,0x00000000c3300000)
 Metaspace       used 41182K, capacity 42166K, committed 42368K, reserved 1085440K
  class space    used 5828K, capacity 6153K, committed 6272K, reserved 1048576K
}
Event: 1953.517 GC heap before
{Heap before GC invocations=17 (full 2):
 PSYoungGen      total 142336K, used 142255K [0x00000000eab00000, 0x00000000f4400000, 0x0000000100000000)
  eden space 134144K, 100% used [0x00000000eab00000,0x00000000f2e00000,0x00000000f2e00000)
  from space 8192K, 99% used [0x00000000f3c00000,0x00000000f43ebd68,0x00000000f4400000)
  to   space 11264K, 0% used [0x00000000f2e00000,0x00000000f2e00000,0x00000000f3900000)
 ParOldGen       total 52224K, used 28267K [0x00000000c0000000, 0x00000000c3300000, 0x00000000eab00000)
  object space 52224K, 54% used [0x00000000c0000000,0x00000000c1b9afa0,0x00000000c3300000)
 Metaspace       used 41658K, capacity 42540K, committed 42880K, reserved 1085440K
  class space    used 5848K, capacity 6162K, committed 6272K, reserved 1048576K
Event: 1953.675 GC heap after
Heap after GC invocations=17 (full 2):
 PSYoungGen      total 145408K, used 5865K [0x00000000eab00000, 0x00000000f5b00000, 0x0000000100000000)
  eden space 134144K, 0% used [0x00000000eab00000,0x00000000eab00000,0x00000000f2e00000)
  from space 11264K, 52% used [0x00000000f2e00000,0x00000000f33ba778,0x00000000f3900000)
  to   space 10752K, 0% used [0x00000000f5080000,0x00000000f5080000,0x00000000f5b00000)
 ParOldGen       total 52224K, used 28275K [0x00000000c0000000, 0x00000000c3300000, 0x00000000eab00000)
  object space 52224K, 54% used [0x00000000c0000000,0x00000000c1b9cfa0,0x00000000c3300000)
 Metaspace       used 41658K, capacity 42540K, committed 42880K, reserved 1085440K
  class space    used 5848K, capacity 6162K, committed 6272K, reserved 1048576K
}

