# JRE version: Java(TM) SE Runtime Environment (8.0_202-b08) (build 1.8.0_202-b08)
# Java VM: Java HotSpot(TM) 64-Bit Server VM (25.202-b08 mixed mode windows-amd64 compressed oops)
Heap:
 PSYoungGen      total 110080K, used 25724K [0x00000000eab00000, 0x00000000f3b00000, 0x0000000100000000)
  eden space 101888K, 17% used [0x00000000eab00000,0x00000000ebc23128,0x00000000f0e80000)
  from space 8192K, 99% used [0x00000000f0e80000,0x00000000f167c020,0x00000000f1680000)
  to   space 10240K, 0% used [0x00000000f3100000,0x00000000f3100000,0x00000000f3b00000)
 ParOldGen       total 55296K, used 19683K [0x00000000c0000000, 0x00000000c3600000, 0x00000000eab00000)
  object space 55296K, 35% used [0x00000000c0000000,0x00000000c1338c48,0x00000000c3600000)
 Metaspace       used 37860K, capacity 38612K, committed 38784K, reserved 1083392K
  class space    used 5381K, capacity 5648K, committed 5760K, reserved 1048576K
GC Heap History (10 events):
Event: 8.865 GC heap before
{Heap before GC invocations=11 (full 1):
 PSYoungGen      total 65024K, used 64254K [0x00000000eab00000, 0x00000000f0600000, 0x0000000100000000)
  eden space 58368K, 100% used [0x00000000eab00000,0x00000000ee400000,0x00000000ee400000)
  from space 6656K, 88% used [0x00000000ee400000,0x00000000ee9bfb78,0x00000000eea80000)
  to   space 7168K, 0% used [0x00000000eff00000,0x00000000eff00000,0x00000000f0600000)
 ParOldGen       total 31232K, used 7313K [0x00000000c0000000, 0x00000000c1e80000, 0x00000000eab00000)
  object space 31232K, 23% used [0x00000000c0000000,0x00000000c0724420,0x00000000c1e80000)
 Metaspace       used 29089K, capacity 29570K, committed 29824K, reserved 1075200K
  class space    used 4043K, capacity 4196K, committed 4224K, reserved 1048576K
Event: 8.875 GC heap after
Heap after GC invocations=11 (full 1):
 PSYoungGen      total 83968K, used 6631K [0x00000000eab00000, 0x00000000f0580000, 0x0000000100000000)
  eden space 77312K, 0% used [0x00000000eab00000,0x00000000eab00000,0x00000000ef680000)
  from space 6656K, 99% used [0x00000000eff00000,0x00000000f0579c00,0x00000000f0580000)
  to   space 7680K, 0% used [0x00000000ef680000,0x00000000ef680000,0x00000000efe00000)
 ParOldGen       total 31232K, used 7385K [0x00000000c0000000, 0x00000000c1e80000, 0x00000000eab00000)
  object space 31232K, 23% used [0x00000000c0000000,0x00000000c0736430,0x00000000c1e80000)
 Metaspace       used 29089K, capacity 29570K, committed 29824K, reserved 1075200K
  class space    used 4043K, capacity 4196K, committed 4224K, reserved 1048576K
}
Event: 10.710 GC heap before
{Heap before GC invocations=12 (full 1):
 PSYoungGen      total 83968K, used 83943K [0x00000000eab00000, 0x00000000f0580000, 0x0000000100000000)
  eden space 77312K, 100% used [0x00000000eab00000,0x00000000ef680000,0x00000000ef680000)
  from space 6656K, 99% used [0x00000000eff00000,0x00000000f0579c00,0x00000000f0580000)
  to   space 7680K, 0% used [0x00000000ef680000,0x00000000ef680000,0x00000000efe00000)
 ParOldGen       total 31232K, used 7385K [0x00000000c0000000, 0x00000000c1e80000, 0x00000000eab00000)
  object space 31232K, 23% used [0x00000000c0000000,0x00000000c0736430,0x00000000c1e80000)
 Metaspace       used 33124K, capacity 33586K, committed 33792K, reserved 1079296K
  class space    used 4634K, capacity 4783K, committed 4864K, reserved 1048576K
Event: 10.728 GC heap after
Heap after GC invocations=12 (full 1):
 PSYoungGen      total 84992K, used 5854K [0x00000000eab00000, 0x00000000f1e80000, 0x0000000100000000)
  eden space 77312K, 0% used [0x00000000eab00000,0x00000000eab00000,0x00000000ef680000)
  from space 7680K, 76% used [0x00000000ef680000,0x00000000efc37a68,0x00000000efe00000)
  to   space 8192K, 0% used [0x00000000f1680000,0x00000000f1680000,0x00000000f1e80000)
 ParOldGen       total 31232K, used 11941K [0x00000000c0000000, 0x00000000c1e80000, 0x00000000eab00000)
  object space 31232K, 38% used [0x00000000c0000000,0x00000000c0ba9508,0x00000000c1e80000)
 Metaspace       used 33124K, capacity 33586K, committed 33792K, reserved 1079296K
  class space    used 4634K, capacity 4783K, committed 4864K, reserved 1048576K
}
Event: 11.156 GC heap before
{Heap before GC invocations=13 (full 1):
 PSYoungGen      total 84992K, used 37445K [0x00000000eab00000, 0x00000000f1e80000, 0x0000000100000000)
  eden space 77312K, 40% used [0x00000000eab00000,0x00000000ec9d9ca0,0x00000000ef680000)
  from space 7680K, 76% used [0x00000000ef680000,0x00000000efc37a68,0x00000000efe00000)
  to   space 8192K, 0% used [0x00000000f1680000,0x00000000f1680000,0x00000000f1e80000)
 ParOldGen       total 31232K, used 11941K [0x00000000c0000000, 0x00000000c1e80000, 0x00000000eab00000)
  object space 31232K, 38% used [0x00000000c0000000,0x00000000c0ba9508,0x00000000c1e80000)
 Metaspace       used 34798K, capacity 35322K, committed 35416K, reserved 1079296K
  class space    used 4906K, capacity 5083K, committed 5120K, reserved 1048576K
Event: 11.166 GC heap after
Heap after GC invocations=13 (full 1):
 PSYoungGen      total 110080K, used 2642K [0x00000000eab00000, 0x00000000f2100000, 0x0000000100000000)
  eden space 101888K, 0% used [0x00000000eab00000,0x00000000eab00000,0x00000000f0e80000)
  from space 8192K, 32% used [0x00000000f1680000,0x00000000f1914940,0x00000000f1e80000)
  to   space 8192K, 0% used [0x00000000f0e80000,0x00000000f0e80000,0x00000000f1680000)
 ParOldGen       total 31232K, used 15412K [0x00000000c0000000, 0x00000000c1e80000, 0x00000000eab00000)
  object space 31232K, 49% used [0x00000000c0000000,0x00000000c0f0d3f8,0x00000000c1e80000)
 Metaspace       used 34798K, capacity 35322K, committed 35416K, reserved 1079296K
  class space    used 4906K, capacity 5083K, committed 5120K, reserved 1048576K
}
Event: 11.166 GC heap before
{Heap before GC invocations=14 (full 2):
 PSYoungGen      total 110080K, used 2642K [0x00000000eab00000, 0x00000000f2100000, 0x0000000100000000)
  eden space 101888K, 0% used [0x00000000eab00000,0x00000000eab00000,0x00000000f0e80000)
  from space 8192K, 32% used [0x00000000f1680000,0x00000000f1914940,0x00000000f1e80000)
  to   space 8192K, 0% used [0x00000000f0e80000,0x00000000f0e80000,0x00000000f1680000)
 ParOldGen       total 31232K, used 15412K [0x00000000c0000000, 0x00000000c1e80000, 0x00000000eab00000)
  object space 31232K, 49% used [0x00000000c0000000,0x00000000c0f0d3f8,0x00000000c1e80000)
 Metaspace       used 34798K, capacity 35322K, committed 35416K, reserved 1079296K
  class space    used 4906K, capacity 5083K, committed 5120K, reserved 1048576K
Event: 11.324 GC heap after
Heap after GC invocations=14 (full 2):
 PSYoungGen      total 110080K, used 0K [0x00000000eab00000, 0x00000000f2100000, 0x0000000100000000)
  eden space 101888K, 0% used [0x00000000eab00000,0x00000000eab00000,0x00000000f0e80000)
  from space 8192K, 0% used [0x00000000f1680000,0x00000000f1680000,0x00000000f1e80000)
  to   space 8192K, 0% used [0x00000000f0e80000,0x00000000f0e80000,0x00000000f1680000)
 ParOldGen       total 55296K, used 17316K [0x00000000c0000000, 0x00000000c3600000, 0x00000000eab00000)
  object space 55296K, 31% used [0x00000000c0000000,0x00000000c10e90b0,0x00000000c3600000)
 Metaspace       used 34798K, capacity 35322K, committed 35416K, reserved 1079296K
  class space    used 4906K, capacity 5083K, committed 5120K, reserved 1048576K
}
Event: 12.327 GC heap before
{Heap before GC invocations=15 (full 2):
 PSYoungGen      total 110080K, used 101888K [0x00000000eab00000, 0x00000000f2100000, 0x0000000100000000)
  eden space 101888K, 100% used [0x00000000eab00000,0x00000000f0e80000,0x00000000f0e80000)
  from space 8192K, 0% used [0x00000000f1680000,0x00000000f1680000,0x00000000f1e80000)
  to   space 8192K, 0% used [0x00000000f0e80000,0x00000000f0e80000,0x00000000f1680000)
 ParOldGen       total 55296K, used 17316K [0x00000000c0000000, 0x00000000c3600000, 0x00000000eab00000)
  object space 55296K, 31% used [0x00000000c0000000,0x00000000c10e90b0,0x00000000c3600000)
 Metaspace       used 36930K, capacity 37706K, committed 37888K, reserved 1081344K
  class space    used 5264K, capacity 5518K, committed 5632K, reserved 1048576K
Event: 12.340 GC heap after
Heap after GC invocations=15 (full 2):
 PSYoungGen      total 110080K, used 8176K [0x00000000eab00000, 0x00000000f3b00000, 0x0000000100000000)
  eden space 101888K, 0% used [0x00000000eab00000,0x00000000eab00000,0x00000000f0e80000)
  from space 8192K, 99% used [0x00000000f0e80000,0x00000000f167c020,0x00000000f1680000)
  to   space 10240K, 0% used [0x00000000f3100000,0x00000000f3100000,0x00000000f3b00000)
 ParOldGen       total 55296K, used 19683K [0x00000000c0000000, 0x00000000c3600000, 0x00000000eab00000)
  object space 55296K, 35% used [0x00000000c0000000,0x00000000c1338c48,0x00000000c3600000)
 Metaspace       used 36930K, capacity 37706K, committed 37888K, reserved 1081344K
  class space    used 5264K, capacity 5518K, committed 5632K, reserved 1048576K
}

