# JRE version: Java(TM) SE Runtime Environment (8.0_202-b08) (build 1.8.0_202-b08)
# Java VM: Java HotSpot(TM) 64-Bit Server VM (25.202-b08 mixed mode windows-amd64 compressed oops)
Heap:
 PSYoungGen      total 140288K, used 40191K [0x00000000eab00000, 0x00000000f5980000, 0x0000000100000000)
  eden space 130560K, 30% used [0x00000000eab00000,0x00000000ed23fc40,0x00000000f2a80000)
  from space 9728K, 0% used [0x00000000f3500000,0x00000000f3500000,0x00000000f3e80000)
  to   space 10752K, 0% used [0x00000000f2a80000,0x00000000f2a80000,0x00000000f3500000)
 ParOldGen       total 52224K, used 17902K [0x00000000c0000000, 0x00000000c3300000, 0x00000000eab00000)
  object space 52224K, 34% used [0x00000000c0000000,0x00000000c117bab0,0x00000000c3300000)
 Metaspace       used 35849K, capacity 36414K, committed 36608K, reserved 1081344K
  class space    used 5069K, capacity 5274K, committed 5376K, reserved 1048576K
GC Heap History (10 events):
Event: 5.164 GC heap before
{Heap before GC invocations=8 (full 1):
 PSYoungGen      total 65536K, used 4924K [0x00000000eab00000, 0x00000000f2b00000, 0x0000000100000000)
  eden space 57856K, 0% used [0x00000000eab00000,0x00000000eab00000,0x00000000ee380000)
  from space 7680K, 64% used [0x00000000ee380000,0x00000000ee84f3f8,0x00000000eeb00000)
  to   space 7680K, 0% used [0x00000000f2380000,0x00000000f2380000,0x00000000f2b00000)
 ParOldGen       total 38400K, used 10052K [0x00000000c0000000, 0x00000000c2580000, 0x00000000eab00000)
  object space 38400K, 26% used [0x00000000c0000000,0x00000000c09d1270,0x00000000c2580000)
 Metaspace       used 20868K, capacity 21182K, committed 21248K, reserved 1067008K
  class space    used 2903K, capacity 3022K, committed 3072K, reserved 1048576K
Event: 5.210 GC heap after
Heap after GC invocations=8 (full 1):
 PSYoungGen      total 65536K, used 0K [0x00000000eab00000, 0x00000000f2b00000, 0x0000000100000000)
  eden space 57856K, 0% used [0x00000000eab00000,0x00000000eab00000,0x00000000ee380000)
  from space 7680K, 0% used [0x00000000ee380000,0x00000000ee380000,0x00000000eeb00000)
  to   space 7680K, 0% used [0x00000000f2380000,0x00000000f2380000,0x00000000f2b00000)
 ParOldGen       total 34816K, used 11226K [0x00000000c0000000, 0x00000000c2200000, 0x00000000eab00000)
  object space 34816K, 32% used [0x00000000c0000000,0x00000000c0af6ba8,0x00000000c2200000)
 Metaspace       used 20868K, capacity 21182K, committed 21248K, reserved 1067008K
  class space    used 2903K, capacity 3022K, committed 3072K, reserved 1048576K
}
Event: 6.389 GC heap before
{Heap before GC invocations=9 (full 1):
 PSYoungGen      total 65536K, used 57856K [0x00000000eab00000, 0x00000000f2b00000, 0x0000000100000000)
  eden space 57856K, 100% used [0x00000000eab00000,0x00000000ee380000,0x00000000ee380000)
  from space 7680K, 0% used [0x00000000ee380000,0x00000000ee380000,0x00000000eeb00000)
  to   space 7680K, 0% used [0x00000000f2380000,0x00000000f2380000,0x00000000f2b00000)
 ParOldGen       total 34816K, used 11226K [0x00000000c0000000, 0x00000000c2200000, 0x00000000eab00000)
  object space 34816K, 32% used [0x00000000c0000000,0x00000000c0af6ba8,0x00000000c2200000)
 Metaspace       used 25389K, capacity 25800K, committed 25984K, reserved 1071104K
  class space    used 3586K, capacity 3707K, committed 3712K, reserved 1048576K
Event: 6.400 GC heap after
Heap after GC invocations=9 (full 1):
 PSYoungGen      total 101888K, used 5659K [0x00000000eab00000, 0x00000000f2980000, 0x0000000100000000)
  eden space 95744K, 0% used [0x00000000eab00000,0x00000000eab00000,0x00000000f0880000)
  from space 6144K, 92% used [0x00000000f2380000,0x00000000f2906fd8,0x00000000f2980000)
  to   space 7680K, 0% used [0x00000000f1a80000,0x00000000f1a80000,0x00000000f2200000)
 ParOldGen       total 34816K, used 11226K [0x00000000c0000000, 0x00000000c2200000, 0x00000000eab00000)
  object space 34816K, 32% used [0x00000000c0000000,0x00000000c0af6ba8,0x00000000c2200000)
 Metaspace       used 25389K, capacity 25800K, committed 25984K, reserved 1071104K
  class space    used 3586K, capacity 3707K, committed 3712K, reserved 1048576K
}
Event: 9.382 GC heap before
{Heap before GC invocations=10 (full 1):
 PSYoungGen      total 101888K, used 101403K [0x00000000eab00000, 0x00000000f2980000, 0x0000000100000000)
  eden space 95744K, 100% used [0x00000000eab00000,0x00000000f0880000,0x00000000f0880000)
  from space 6144K, 92% used [0x00000000f2380000,0x00000000f2906fd8,0x00000000f2980000)
  to   space 7680K, 0% used [0x00000000f1a80000,0x00000000f1a80000,0x00000000f2200000)
 ParOldGen       total 34816K, used 11226K [0x00000000c0000000, 0x00000000c2200000, 0x00000000eab00000)
  object space 34816K, 32% used [0x00000000c0000000,0x00000000c0af6ba8,0x00000000c2200000)
 Metaspace       used 31809K, capacity 32326K, committed 32640K, reserved 1077248K
  class space    used 4445K, capacity 4621K, committed 4736K, reserved 1048576K
Event: 9.401 GC heap after
Heap after GC invocations=10 (full 1):
 PSYoungGen      total 121856K, used 7664K [0x00000000eab00000, 0x00000000f3e80000, 0x0000000100000000)
  eden space 114176K, 0% used [0x00000000eab00000,0x00000000eab00000,0x00000000f1a80000)
  from space 7680K, 99% used [0x00000000f1a80000,0x00000000f21fc360,0x00000000f2200000)
  to   space 9728K, 0% used [0x00000000f3500000,0x00000000f3500000,0x00000000f3e80000)
 ParOldGen       total 34816K, used 13548K [0x00000000c0000000, 0x00000000c2200000, 0x00000000eab00000)
  object space 34816K, 38% used [0x00000000c0000000,0x00000000c0d3b3c0,0x00000000c2200000)
 Metaspace       used 31809K, capacity 32326K, committed 32640K, reserved 1077248K
  class space    used 4445K, capacity 4621K, committed 4736K, reserved 1048576K
}
Event: 10.439 GC heap before
{Heap before GC invocations=11 (full 1):
 PSYoungGen      total 121856K, used 80786K [0x00000000eab00000, 0x00000000f3e80000, 0x0000000100000000)
  eden space 114176K, 64% used [0x00000000eab00000,0x00000000ef268738,0x00000000f1a80000)
  from space 7680K, 99% used [0x00000000f1a80000,0x00000000f21fc360,0x00000000f2200000)
  to   space 9728K, 0% used [0x00000000f3500000,0x00000000f3500000,0x00000000f3e80000)
 ParOldGen       total 34816K, used 13548K [0x00000000c0000000, 0x00000000c2200000, 0x00000000eab00000)
  object space 34816K, 38% used [0x00000000c0000000,0x00000000c0d3b3c0,0x00000000c2200000)
 Metaspace       used 34792K, capacity 35322K, committed 35416K, reserved 1079296K
  class space    used 4904K, capacity 5083K, committed 5120K, reserved 1048576K
Event: 10.456 GC heap after
Heap after GC invocations=11 (full 1):
 PSYoungGen      total 140288K, used 9394K [0x00000000eab00000, 0x00000000f5980000, 0x0000000100000000)
  eden space 130560K, 0% used [0x00000000eab00000,0x00000000eab00000,0x00000000f2a80000)
  from space 9728K, 96% used [0x00000000f3500000,0x00000000f3e2c990,0x00000000f3e80000)
  to   space 10752K, 0% used [0x00000000f2a80000,0x00000000f2a80000,0x00000000f3500000)
 ParOldGen       total 34816K, used 15455K [0x00000000c0000000, 0x00000000c2200000, 0x00000000eab00000)
  object space 34816K, 44% used [0x00000000c0000000,0x00000000c0f17f50,0x00000000c2200000)
 Metaspace       used 34792K, capacity 35322K, committed 35416K, reserved 1079296K
  class space    used 4904K, capacity 5083K, committed 5120K, reserved 1048576K
}
Event: 10.457 GC heap before
{Heap before GC invocations=12 (full 2):
 PSYoungGen      total 140288K, used 9394K [0x00000000eab00000, 0x00000000f5980000, 0x0000000100000000)
  eden space 130560K, 0% used [0x00000000eab00000,0x00000000eab00000,0x00000000f2a80000)
  from space 9728K, 96% used [0x00000000f3500000,0x00000000f3e2c990,0x00000000f3e80000)
  to   space 10752K, 0% used [0x00000000f2a80000,0x00000000f2a80000,0x00000000f3500000)
 ParOldGen       total 34816K, used 15455K [0x00000000c0000000, 0x00000000c2200000, 0x00000000eab00000)
  object space 34816K, 44% used [0x00000000c0000000,0x00000000c0f17f50,0x00000000c2200000)
 Metaspace       used 34792K, capacity 35322K, committed 35416K, reserved 1079296K
  class space    used 4904K, capacity 5083K, committed 5120K, reserved 1048576K
Event: 10.586 GC heap after
Heap after GC invocations=12 (full 2):
 PSYoungGen      total 140288K, used 0K [0x00000000eab00000, 0x00000000f5980000, 0x0000000100000000)
  eden space 130560K, 0% used [0x00000000eab00000,0x00000000eab00000,0x00000000f2a80000)
  from space 9728K, 0% used [0x00000000f3500000,0x00000000f3500000,0x00000000f3e80000)
  to   space 10752K, 0% used [0x00000000f2a80000,0x00000000f2a80000,0x00000000f3500000)
 ParOldGen       total 52224K, used 17902K [0x00000000c0000000, 0x00000000c3300000, 0x00000000eab00000)
  object space 52224K, 34% used [0x00000000c0000000,0x00000000c117bab0,0x00000000c3300000)
 Metaspace       used 34792K, capacity 35322K, committed 35416K, reserved 1079296K
  class space    used 4904K, capacity 5083K, committed 5120K, reserved 1048576K
}

