# JRE version: Java(TM) SE Runtime Environment (8.0_202-b08) (build 1.8.0_202-b08)
# Java VM: Java HotSpot(TM) 64-Bit Server VM (25.202-b08 mixed mode windows-amd64 compressed oops)
Heap:
 PSYoungGen      total 187392K, used 31532K [0x00000000eab00000, 0x00000000f7d00000, 0x0000000100000000)
  eden space 178688K, 12% used [0x00000000eab00000,0x00000000ec14c898,0x00000000f5980000)
  from space 8704K, 99% used [0x00000000f7480000,0x00000000f7cfe9c8,0x00000000f7d00000)
  to   space 14336K, 0% used [0x00000000f6100000,0x00000000f6100000,0x00000000f6f00000)
 ParOldGen       total 53248K, used 31194K [0x00000000c0000000, 0x00000000c3400000, 0x00000000eab00000)
  object space 53248K, 58% used [0x00000000c0000000,0x00000000c1e769c0,0x00000000c3400000)
 Metaspace       used 43180K, capacity 44518K, committed 44800K, reserved 1087488K
  class space    used 5947K, capacity 6331K, committed 6400K, reserved 1048576K
GC Heap History (10 events):
Event: 113.222 GC heap before
{Heap before GC invocations=14 (full 2):
 PSYoungGen      total 150016K, used 149984K [0x00000000eab00000, 0x00000000f6d00000, 0x0000000100000000)
  eden space 139264K, 100% used [0x00000000eab00000,0x00000000f3300000,0x00000000f3300000)
  from space 10752K, 99% used [0x00000000f3300000,0x00000000f3d78010,0x00000000f3d80000)
  to   space 13312K, 0% used [0x00000000f6000000,0x00000000f6000000,0x00000000f6d00000)
 ParOldGen       total 53248K, used 20274K [0x00000000c0000000, 0x00000000c3400000, 0x00000000eab00000)
  object space 53248K, 38% used [0x00000000c0000000,0x00000000c13cc960,0x00000000c3400000)
 Metaspace       used 41747K, capacity 42704K, committed 42880K, reserved 1085440K
  class space    used 5881K, capacity 6216K, committed 6272K, reserved 1048576K
Event: 113.769 GC heap after
Heap after GC invocations=14 (full 2):
 PSYoungGen      total 179200K, used 7739K [0x00000000eab00000, 0x00000000f6a00000, 0x0000000100000000)
  eden space 168960K, 0% used [0x00000000eab00000,0x00000000eab00000,0x00000000f5000000)
  from space 10240K, 75% used [0x00000000f6000000,0x00000000f678eff8,0x00000000f6a00000)
  to   space 13312K, 0% used [0x00000000f5000000,0x00000000f5000000,0x00000000f5d00000)
 ParOldGen       total 53248K, used 30962K [0x00000000c0000000, 0x00000000c3400000, 0x00000000eab00000)
  object space 53248K, 58% used [0x00000000c0000000,0x00000000c1e3c9c0,0x00000000c3400000)
 Metaspace       used 41747K, capacity 42704K, committed 42880K, reserved 1085440K
  class space    used 5881K, capacity 6216K, committed 6272K, reserved 1048576K
}
Event: 181.357 GC heap before
{Heap before GC invocations=15 (full 2):
 PSYoungGen      total 179200K, used 176699K [0x00000000eab00000, 0x00000000f6a00000, 0x0000000100000000)
  eden space 168960K, 100% used [0x00000000eab00000,0x00000000f5000000,0x00000000f5000000)
  from space 10240K, 75% used [0x00000000f6000000,0x00000000f678eff8,0x00000000f6a00000)
  to   space 13312K, 0% used [0x00000000f5000000,0x00000000f5000000,0x00000000f5d00000)
 ParOldGen       total 53248K, used 30962K [0x00000000c0000000, 0x00000000c3400000, 0x00000000eab00000)
  object space 53248K, 58% used [0x00000000c0000000,0x00000000c1e3c9c0,0x00000000c3400000)
 Metaspace       used 42499K, capacity 43738K, committed 44032K, reserved 1087488K
  class space    used 5928K, capacity 6297K, committed 6400K, reserved 1048576K
Event: 181.586 GC heap after
Heap after GC invocations=15 (full 2):
 PSYoungGen      total 182272K, used 9056K [0x00000000eab00000, 0x00000000f8880000, 0x0000000100000000)
  eden space 168960K, 0% used [0x00000000eab00000,0x00000000eab00000,0x00000000f5000000)
  from space 13312K, 68% used [0x00000000f5000000,0x00000000f58d8000,0x00000000f5d00000)
  to   space 13312K, 0% used [0x00000000f7b80000,0x00000000f7b80000,0x00000000f8880000)
 ParOldGen       total 53248K, used 30970K [0x00000000c0000000, 0x00000000c3400000, 0x00000000eab00000)
  object space 53248K, 58% used [0x00000000c0000000,0x00000000c1e3e9c0,0x00000000c3400000)
 Metaspace       used 42499K, capacity 43738K, committed 44032K, reserved 1087488K
  class space    used 5928K, capacity 6297K, committed 6400K, reserved 1048576K
}
Event: 478.649 GC heap before
{Heap before GC invocations=16 (full 2):
 PSYoungGen      total 182272K, used 178016K [0x00000000eab00000, 0x00000000f8880000, 0x0000000100000000)
  eden space 168960K, 100% used [0x00000000eab00000,0x00000000f5000000,0x00000000f5000000)
  from space 13312K, 68% used [0x00000000f5000000,0x00000000f58d8000,0x00000000f5d00000)
  to   space 13312K, 0% used [0x00000000f7b80000,0x00000000f7b80000,0x00000000f8880000)
 ParOldGen       total 53248K, used 30970K [0x00000000c0000000, 0x00000000c3400000, 0x00000000eab00000)
  object space 53248K, 58% used [0x00000000c0000000,0x00000000c1e3e9c0,0x00000000c3400000)
 Metaspace       used 42833K, capacity 44186K, committed 44288K, reserved 1087488K
  class space    used 5946K, capacity 6329K, committed 6400K, reserved 1048576K
Event: 478.777 GC heap after
Heap after GC invocations=16 (full 2):
 PSYoungGen      total 204800K, used 9920K [0x00000000eab00000, 0x00000000f8580000, 0x0000000100000000)
  eden space 194560K, 0% used [0x00000000eab00000,0x00000000eab00000,0x00000000f6900000)
  from space 10240K, 96% used [0x00000000f7b80000,0x00000000f8530020,0x00000000f8580000)
  to   space 13824K, 0% used [0x00000000f6a80000,0x00000000f6a80000,0x00000000f7800000)
 ParOldGen       total 53248K, used 30978K [0x00000000c0000000, 0x00000000c3400000, 0x00000000eab00000)
  object space 53248K, 58% used [0x00000000c0000000,0x00000000c1e409c0,0x00000000c3400000)
 Metaspace       used 42833K, capacity 44186K, committed 44288K, reserved 1087488K
  class space    used 5946K, capacity 6329K, committed 6400K, reserved 1048576K
}
Event: 1044.171 GC heap before
{Heap before GC invocations=17 (full 2):
 PSYoungGen      total 204800K, used 204480K [0x00000000eab00000, 0x00000000f8580000, 0x0000000100000000)
  eden space 194560K, 100% used [0x00000000eab00000,0x00000000f6900000,0x00000000f6900000)
  from space 10240K, 96% used [0x00000000f7b80000,0x00000000f8530020,0x00000000f8580000)
  to   space 13824K, 0% used [0x00000000f6a80000,0x00000000f6a80000,0x00000000f7800000)
 ParOldGen       total 53248K, used 30978K [0x00000000c0000000, 0x00000000c3400000, 0x00000000eab00000)
  object space 53248K, 58% used [0x00000000c0000000,0x00000000c1e409c0,0x00000000c3400000)
 Metaspace       used 43099K, capacity 44390K, committed 44544K, reserved 1087488K
  class space    used 5947K, capacity 6331K, committed 6400K, reserved 1048576K
Event: 1044.770 GC heap after
Heap after GC invocations=17 (full 2):
 PSYoungGen      total 196608K, used 9978K [0x00000000eab00000, 0x00000000f7d00000, 0x0000000100000000)
  eden space 186368K, 0% used [0x00000000eab00000,0x00000000eab00000,0x00000000f6100000)
  from space 10240K, 97% used [0x00000000f6a80000,0x00000000f743e9a8,0x00000000f7480000)
  to   space 8704K, 0% used [0x00000000f7480000,0x00000000f7480000,0x00000000f7d00000)
 ParOldGen       total 53248K, used 30986K [0x00000000c0000000, 0x00000000c3400000, 0x00000000eab00000)
  object space 53248K, 58% used [0x00000000c0000000,0x00000000c1e429c0,0x00000000c3400000)
 Metaspace       used 43099K, capacity 44390K, committed 44544K, reserved 1087488K
  class space    used 5947K, capacity 6331K, committed 6400K, reserved 1048576K
}
Event: 3810.626 GC heap before
{Heap before GC invocations=18 (full 2):
 PSYoungGen      total 196608K, used 196346K [0x00000000eab00000, 0x00000000f7d00000, 0x0000000100000000)
  eden space 186368K, 100% used [0x00000000eab00000,0x00000000f6100000,0x00000000f6100000)
  from space 10240K, 97% used [0x00000000f6a80000,0x00000000f743e9a8,0x00000000f7480000)
  to   space 8704K, 0% used [0x00000000f7480000,0x00000000f7480000,0x00000000f7d00000)
 ParOldGen       total 53248K, used 30986K [0x00000000c0000000, 0x00000000c3400000, 0x00000000eab00000)
  object space 53248K, 58% used [0x00000000c0000000,0x00000000c1e429c0,0x00000000c3400000)
 Metaspace       used 43179K, capacity 44518K, committed 44800K, reserved 1087488K
  class space    used 5947K, capacity 6331K, committed 6400K, reserved 1048576K
Event: 3810.789 GC heap after
Heap after GC invocations=18 (full 2):
 PSYoungGen      total 187392K, used 8698K [0x00000000eab00000, 0x00000000f7d00000, 0x0000000100000000)
  eden space 178688K, 0% used [0x00000000eab00000,0x00000000eab00000,0x00000000f5980000)
  from space 8704K, 99% used [0x00000000f7480000,0x00000000f7cfe9c8,0x00000000f7d00000)
  to   space 14336K, 0% used [0x00000000f6100000,0x00000000f6100000,0x00000000f6f00000)
 ParOldGen       total 53248K, used 31194K [0x00000000c0000000, 0x00000000c3400000, 0x00000000eab00000)
  object space 53248K, 58% used [0x00000000c0000000,0x00000000c1e769c0,0x00000000c3400000)
 Metaspace       used 43179K, capacity 44518K, committed 44800K, reserved 1087488K
  class space    used 5947K, capacity 6331K, committed 6400K, reserved 1048576K
}

