# JRE version: Java(TM) SE Runtime Environment (8.0_202-b08) (build 1.8.0_202-b08)
# Java VM: Java HotSpot(TM) 64-Bit Server VM (25.202-b08 mixed mode windows-amd64 compressed oops)
Heap:
 PSYoungGen      total 162304K, used 43159K [0x00000000eab00000, 0x00000000f5580000, 0x0000000100000000)
  eden space 153088K, 23% used [0x00000000eab00000,0x00000000ece204d0,0x00000000f4080000)
  from space 9216K, 78% used [0x00000000f4c80000,0x00000000f5385ad8,0x00000000f5580000)
  to   space 10752K, 0% used [0x00000000f4080000,0x00000000f4080000,0x00000000f4b00000)
 ParOldGen       total 49152K, used 28319K [0x00000000c0000000, 0x00000000c3000000, 0x00000000eab00000)
  object space 49152K, 57% used [0x00000000c0000000,0x00000000c1ba7c28,0x00000000c3000000)
 Metaspace       used 41189K, capacity 42190K, committed 42240K, reserved 1085440K
  class space    used 5798K, capacity 6116K, committed 6144K, reserved 1048576K
GC Heap History (10 events):
Event: 11.546 GC heap before
{Heap before GC invocations=12 (full 1):
 PSYoungGen      total 90112K, used 89673K [0x00000000eab00000, 0x00000000f0c00000, 0x0000000100000000)
  eden space 82944K, 100% used [0x00000000eab00000,0x00000000efc00000,0x00000000efc00000)
  from space 7168K, 93% used [0x00000000f0400000,0x00000000f0a92598,0x00000000f0b00000)
  to   space 8192K, 0% used [0x00000000efc00000,0x00000000efc00000,0x00000000f0400000)
 ParOldGen       total 30208K, used 8490K [0x00000000c0000000, 0x00000000c1d80000, 0x00000000eab00000)
  object space 30208K, 28% used [0x00000000c0000000,0x00000000c084ab18,0x00000000c1d80000)
 Metaspace       used 33459K, capacity 33988K, committed 34304K, reserved 1079296K
  class space    used 4680K, capacity 4850K, committed 4864K, reserved 1048576K
Event: 11.565 GC heap after
Heap after GC invocations=12 (full 1):
 PSYoungGen      total 91136K, used 6152K [0x00000000eab00000, 0x00000000f2c80000, 0x0000000100000000)
  eden space 82944K, 0% used [0x00000000eab00000,0x00000000eab00000,0x00000000efc00000)
  from space 8192K, 75% used [0x00000000efc00000,0x00000000f0202158,0x00000000f0400000)
  to   space 8192K, 0% used [0x00000000f2480000,0x00000000f2480000,0x00000000f2c80000)
 ParOldGen       total 30208K, used 13132K [0x00000000c0000000, 0x00000000c1d80000, 0x00000000eab00000)
  object space 30208K, 43% used [0x00000000c0000000,0x00000000c0cd3360,0x00000000c1d80000)
 Metaspace       used 33459K, capacity 33988K, committed 34304K, reserved 1079296K
  class space    used 4680K, capacity 4850K, committed 4864K, reserved 1048576K
}
Event: 12.030 GC heap before
{Heap before GC invocations=13 (full 1):
 PSYoungGen      total 91136K, used 30952K [0x00000000eab00000, 0x00000000f2c80000, 0x0000000100000000)
  eden space 82944K, 29% used [0x00000000eab00000,0x00000000ec338120,0x00000000efc00000)
  from space 8192K, 75% used [0x00000000efc00000,0x00000000f0202158,0x00000000f0400000)
  to   space 8192K, 0% used [0x00000000f2480000,0x00000000f2480000,0x00000000f2c80000)
 ParOldGen       total 30208K, used 13132K [0x00000000c0000000, 0x00000000c1d80000, 0x00000000eab00000)
  object space 30208K, 43% used [0x00000000c0000000,0x00000000c0cd3360,0x00000000c1d80000)
 Metaspace       used 34759K, capacity 35322K, committed 35416K, reserved 1079296K
  class space    used 4899K, capacity 5083K, committed 5120K, reserved 1048576K
Event: 12.043 GC heap after
Heap after GC invocations=13 (full 1):
 PSYoungGen      total 124416K, used 1965K [0x00000000eab00000, 0x00000000f2e00000, 0x0000000100000000)
  eden space 116224K, 0% used [0x00000000eab00000,0x00000000eab00000,0x00000000f1c80000)
  from space 8192K, 23% used [0x00000000f2480000,0x00000000f266b518,0x00000000f2c80000)
  to   space 8192K, 0% used [0x00000000f1c80000,0x00000000f1c80000,0x00000000f2480000)
 ParOldGen       total 30208K, used 16836K [0x00000000c0000000, 0x00000000c1d80000, 0x00000000eab00000)
  object space 30208K, 55% used [0x00000000c0000000,0x00000000c1071210,0x00000000c1d80000)
 Metaspace       used 34759K, capacity 35322K, committed 35416K, reserved 1079296K
  class space    used 4899K, capacity 5083K, committed 5120K, reserved 1048576K
}
Event: 12.043 GC heap before
{Heap before GC invocations=14 (full 2):
 PSYoungGen      total 124416K, used 1965K [0x00000000eab00000, 0x00000000f2e00000, 0x0000000100000000)
  eden space 116224K, 0% used [0x00000000eab00000,0x00000000eab00000,0x00000000f1c80000)
  from space 8192K, 23% used [0x00000000f2480000,0x00000000f266b518,0x00000000f2c80000)
  to   space 8192K, 0% used [0x00000000f1c80000,0x00000000f1c80000,0x00000000f2480000)
 ParOldGen       total 30208K, used 16836K [0x00000000c0000000, 0x00000000c1d80000, 0x00000000eab00000)
  object space 30208K, 55% used [0x00000000c0000000,0x00000000c1071210,0x00000000c1d80000)
 Metaspace       used 34759K, capacity 35322K, committed 35416K, reserved 1079296K
  class space    used 4899K, capacity 5083K, committed 5120K, reserved 1048576K
Event: 12.172 GC heap after
Heap after GC invocations=14 (full 2):
 PSYoungGen      total 124416K, used 0K [0x00000000eab00000, 0x00000000f2e00000, 0x0000000100000000)
  eden space 116224K, 0% used [0x00000000eab00000,0x00000000eab00000,0x00000000f1c80000)
  from space 8192K, 0% used [0x00000000f2480000,0x00000000f2480000,0x00000000f2c80000)
  to   space 8192K, 0% used [0x00000000f1c80000,0x00000000f1c80000,0x00000000f2480000)
 ParOldGen       total 49152K, used 16935K [0x00000000c0000000, 0x00000000c3000000, 0x00000000eab00000)
  object space 49152K, 34% used [0x00000000c0000000,0x00000000c1089f80,0x00000000c3000000)
 Metaspace       used 34759K, capacity 35322K, committed 35416K, reserved 1079296K
  class space    used 4899K, capacity 5083K, committed 5120K, reserved 1048576K
}
Event: 14.176 GC heap before
{Heap before GC invocations=15 (full 2):
 PSYoungGen      total 124416K, used 116224K [0x00000000eab00000, 0x00000000f2e00000, 0x0000000100000000)
  eden space 116224K, 100% used [0x00000000eab00000,0x00000000f1c80000,0x00000000f1c80000)
  from space 8192K, 0% used [0x00000000f2480000,0x00000000f2480000,0x00000000f2c80000)
  to   space 8192K, 0% used [0x00000000f1c80000,0x00000000f1c80000,0x00000000f2480000)
 ParOldGen       total 49152K, used 16935K [0x00000000c0000000, 0x00000000c3000000, 0x00000000eab00000)
  object space 49152K, 34% used [0x00000000c0000000,0x00000000c1089f80,0x00000000c3000000)
 Metaspace       used 37544K, capacity 38286K, committed 38528K, reserved 1081344K
  class space    used 5349K, capacity 5646K, committed 5760K, reserved 1048576K
Event: 14.216 GC heap after
Heap after GC invocations=15 (full 2):
 PSYoungGen      total 124416K, used 8160K [0x00000000eab00000, 0x00000000f5700000, 0x0000000100000000)
  eden space 116224K, 0% used [0x00000000eab00000,0x00000000eab00000,0x00000000f1c80000)
  from space 8192K, 99% used [0x00000000f1c80000,0x00000000f2478010,0x00000000f2480000)
  to   space 10752K, 0% used [0x00000000f4c80000,0x00000000f4c80000,0x00000000f5700000)
 ParOldGen       total 49152K, used 20166K [0x00000000c0000000, 0x00000000c3000000, 0x00000000eab00000)
  object space 49152K, 41% used [0x00000000c0000000,0x00000000c13b1ba8,0x00000000c3000000)
 Metaspace       used 37544K, capacity 38286K, committed 38528K, reserved 1081344K
  class space    used 5349K, capacity 5646K, committed 5760K, reserved 1048576K
}
Event: 18.732 GC heap before
{Heap before GC invocations=16 (full 2):
 PSYoungGen      total 124416K, used 124384K [0x00000000eab00000, 0x00000000f5700000, 0x0000000100000000)
  eden space 116224K, 100% used [0x00000000eab00000,0x00000000f1c80000,0x00000000f1c80000)
  from space 8192K, 99% used [0x00000000f1c80000,0x00000000f2478010,0x00000000f2480000)
  to   space 10752K, 0% used [0x00000000f4c80000,0x00000000f4c80000,0x00000000f5700000)
 ParOldGen       total 49152K, used 20166K [0x00000000c0000000, 0x00000000c3000000, 0x00000000eab00000)
  object space 49152K, 41% used [0x00000000c0000000,0x00000000c13b1ba8,0x00000000c3000000)
 Metaspace       used 40568K, capacity 41478K, committed 41600K, reserved 1085440K
  class space    used 5729K, capacity 5992K, committed 6016K, reserved 1048576K
Event: 18.791 GC heap after
Heap after GC invocations=16 (full 2):
 PSYoungGen      total 162304K, used 7190K [0x00000000eab00000, 0x00000000f5580000, 0x0000000100000000)
  eden space 153088K, 0% used [0x00000000eab00000,0x00000000eab00000,0x00000000f4080000)
  from space 9216K, 78% used [0x00000000f4c80000,0x00000000f5385ad8,0x00000000f5580000)
  to   space 10752K, 0% used [0x00000000f4080000,0x00000000f4080000,0x00000000f4b00000)
 ParOldGen       total 49152K, used 28319K [0x00000000c0000000, 0x00000000c3000000, 0x00000000eab00000)
  object space 49152K, 57% used [0x00000000c0000000,0x00000000c1ba7c28,0x00000000c3000000)
 Metaspace       used 40568K, capacity 41478K, committed 41600K, reserved 1085440K
  class space    used 5729K, capacity 5992K, committed 6016K, reserved 1048576K
}

