# JRE version: Java(TM) SE Runtime Environment (8.0_202-b08) (build 1.8.0_202-b08)
# Java VM: Java HotSpot(TM) 64-Bit Server VM (25.202-b08 mixed mode windows-amd64 compressed oops)
Heap:
 PSYoungGen      total 121856K, used 24964K [0x00000000eab00000, 0x00000000f3b00000, 0x0000000100000000)
  eden space 114176K, 15% used [0x00000000eab00000,0x00000000ebbe92b0,0x00000000f1a80000)
  from space 7680K, 99% used [0x00000000f1a80000,0x00000000f21f8010,0x00000000f2200000)
  to   space 9728K, 0% used [0x00000000f3180000,0x00000000f3180000,0x00000000f3b00000)
 ParOldGen       total 31232K, used 21608K [0x00000000c0000000, 0x00000000c1e80000, 0x00000000eab00000)
  object space 31232K, 69% used [0x00000000c0000000,0x00000000c151a138,0x00000000c1e80000)
 Metaspace       used 38301K, capacity 39032K, committed 39296K, reserved 1083392K
  class space    used 5412K, capacity 5654K, committed 5760K, reserved 1048576K
GC Heap History (10 events):
Event: 6.198 GC heap before
{Heap before GC invocations=9 (full 1):
 PSYoungGen      total 65536K, used 57856K [0x00000000eab00000, 0x00000000f2b00000, 0x0000000100000000)
  eden space 57856K, 100% used [0x00000000eab00000,0x00000000ee380000,0x00000000ee380000)
  from space 7680K, 0% used [0x00000000ee380000,0x00000000ee380000,0x00000000eeb00000)
  to   space 7680K, 0% used [0x00000000f2380000,0x00000000f2380000,0x00000000f2b00000)
 ParOldGen       total 31232K, used 7418K [0x00000000c0000000, 0x00000000c1e80000, 0x00000000eab00000)
  object space 31232K, 23% used [0x00000000c0000000,0x00000000c073e848,0x00000000c1e80000)
 Metaspace       used 25423K, capacity 25832K, committed 26112K, reserved 1071104K
  class space    used 3591K, capacity 3739K, committed 3840K, reserved 1048576K
Event: 6.206 GC heap after
Heap after GC invocations=9 (full 1):
 PSYoungGen      total 100864K, used 5715K [0x00000000eab00000, 0x00000000f2980000, 0x0000000100000000)
  eden space 94720K, 0% used [0x00000000eab00000,0x00000000eab00000,0x00000000f0780000)
  from space 6144K, 93% used [0x00000000f2380000,0x00000000f2914c80,0x00000000f2980000)
  to   space 7680K, 0% used [0x00000000f1a80000,0x00000000f1a80000,0x00000000f2200000)
 ParOldGen       total 31232K, used 7426K [0x00000000c0000000, 0x00000000c1e80000, 0x00000000eab00000)
  object space 31232K, 23% used [0x00000000c0000000,0x00000000c0740848,0x00000000c1e80000)
 Metaspace       used 25423K, capacity 25832K, committed 26112K, reserved 1071104K
  class space    used 3591K, capacity 3739K, committed 3840K, reserved 1048576K
}
Event: 8.890 GC heap before
{Heap before GC invocations=10 (full 1):
 PSYoungGen      total 100864K, used 100435K [0x00000000eab00000, 0x00000000f2980000, 0x0000000100000000)
  eden space 94720K, 100% used [0x00000000eab00000,0x00000000f0780000,0x00000000f0780000)
  from space 6144K, 93% used [0x00000000f2380000,0x00000000f2914c80,0x00000000f2980000)
  to   space 7680K, 0% used [0x00000000f1a80000,0x00000000f1a80000,0x00000000f2200000)
 ParOldGen       total 31232K, used 7426K [0x00000000c0000000, 0x00000000c1e80000, 0x00000000eab00000)
  object space 31232K, 23% used [0x00000000c0000000,0x00000000c0740848,0x00000000c1e80000)
 Metaspace       used 31798K, capacity 32326K, committed 32640K, reserved 1077248K
  class space    used 4446K, capacity 4621K, committed 4736K, reserved 1048576K
Event: 8.904 GC heap after
Heap after GC invocations=10 (full 1):
 PSYoungGen      total 121856K, used 7671K [0x00000000eab00000, 0x00000000f3b00000, 0x0000000100000000)
  eden space 114176K, 0% used [0x00000000eab00000,0x00000000eab00000,0x00000000f1a80000)
  from space 7680K, 99% used [0x00000000f1a80000,0x00000000f21fdd70,0x00000000f2200000)
  to   space 9728K, 0% used [0x00000000f3180000,0x00000000f3180000,0x00000000f3b00000)
 ParOldGen       total 31232K, used 9514K [0x00000000c0000000, 0x00000000c1e80000, 0x00000000eab00000)
  object space 31232K, 30% used [0x00000000c0000000,0x00000000c094aa70,0x00000000c1e80000)
 Metaspace       used 31798K, capacity 32326K, committed 32640K, reserved 1077248K
  class space    used 4446K, capacity 4621K, committed 4736K, reserved 1048576K
}
Event: 9.874 GC heap before
{Heap before GC invocations=11 (full 1):
 PSYoungGen      total 121856K, used 83099K [0x00000000eab00000, 0x00000000f3b00000, 0x0000000100000000)
  eden space 114176K, 66% used [0x00000000eab00000,0x00000000ef4a91e8,0x00000000f1a80000)
  from space 7680K, 99% used [0x00000000f1a80000,0x00000000f21fdd70,0x00000000f2200000)
  to   space 9728K, 0% used [0x00000000f3180000,0x00000000f3180000,0x00000000f3b00000)
 ParOldGen       total 31232K, used 9514K [0x00000000c0000000, 0x00000000c1e80000, 0x00000000eab00000)
  object space 31232K, 30% used [0x00000000c0000000,0x00000000c094aa70,0x00000000c1e80000)
 Metaspace       used 34781K, capacity 35322K, committed 35416K, reserved 1079296K
  class space    used 4902K, capacity 5083K, committed 5120K, reserved 1048576K
Event: 9.899 GC heap after
Heap after GC invocations=11 (full 1):
 PSYoungGen      total 123904K, used 9367K [0x00000000eab00000, 0x00000000f3b00000, 0x0000000100000000)
  eden space 114176K, 0% used [0x00000000eab00000,0x00000000eab00000,0x00000000f1a80000)
  from space 9728K, 96% used [0x00000000f3180000,0x00000000f3aa5dc8,0x00000000f3b00000)
  to   space 7680K, 0% used [0x00000000f1a80000,0x00000000f1a80000,0x00000000f2200000)
 ParOldGen       total 31232K, used 11425K [0x00000000c0000000, 0x00000000c1e80000, 0x00000000eab00000)
  object space 31232K, 36% used [0x00000000c0000000,0x00000000c0b285f0,0x00000000c1e80000)
 Metaspace       used 34781K, capacity 35322K, committed 35416K, reserved 1079296K
  class space    used 4902K, capacity 5083K, committed 5120K, reserved 1048576K
}
Event: 9.899 GC heap before
{Heap before GC invocations=12 (full 2):
 PSYoungGen      total 123904K, used 9367K [0x00000000eab00000, 0x00000000f3b00000, 0x0000000100000000)
  eden space 114176K, 0% used [0x00000000eab00000,0x00000000eab00000,0x00000000f1a80000)
  from space 9728K, 96% used [0x00000000f3180000,0x00000000f3aa5dc8,0x00000000f3b00000)
  to   space 7680K, 0% used [0x00000000f1a80000,0x00000000f1a80000,0x00000000f2200000)
 ParOldGen       total 31232K, used 11425K [0x00000000c0000000, 0x00000000c1e80000, 0x00000000eab00000)
  object space 31232K, 36% used [0x00000000c0000000,0x00000000c0b285f0,0x00000000c1e80000)
 Metaspace       used 34781K, capacity 35322K, committed 35416K, reserved 1079296K
  class space    used 4902K, capacity 5083K, committed 5120K, reserved 1048576K
Event: 9.985 GC heap after
Heap after GC invocations=12 (full 2):
 PSYoungGen      total 123904K, used 0K [0x00000000eab00000, 0x00000000f3b00000, 0x0000000100000000)
  eden space 114176K, 0% used [0x00000000eab00000,0x00000000eab00000,0x00000000f1a80000)
  from space 9728K, 0% used [0x00000000f3180000,0x00000000f3180000,0x00000000f3b00000)
  to   space 7680K, 0% used [0x00000000f1a80000,0x00000000f1a80000,0x00000000f2200000)
 ParOldGen       total 31232K, used 17958K [0x00000000c0000000, 0x00000000c1e80000, 0x00000000eab00000)
  object space 31232K, 57% used [0x00000000c0000000,0x00000000c1189a70,0x00000000c1e80000)
 Metaspace       used 34781K, capacity 35322K, committed 35416K, reserved 1079296K
  class space    used 4902K, capacity 5083K, committed 5120K, reserved 1048576K
}
Event: 11.555 GC heap before
{Heap before GC invocations=13 (full 2):
 PSYoungGen      total 123904K, used 114176K [0x00000000eab00000, 0x00000000f3b00000, 0x0000000100000000)
  eden space 114176K, 100% used [0x00000000eab00000,0x00000000f1a80000,0x00000000f1a80000)
  from space 9728K, 0% used [0x00000000f3180000,0x00000000f3180000,0x00000000f3b00000)
  to   space 7680K, 0% used [0x00000000f1a80000,0x00000000f1a80000,0x00000000f2200000)
 ParOldGen       total 31232K, used 17958K [0x00000000c0000000, 0x00000000c1e80000, 0x00000000eab00000)
  object space 31232K, 57% used [0x00000000c0000000,0x00000000c1189a70,0x00000000c1e80000)
 Metaspace       used 37498K, capacity 38164K, committed 38400K, reserved 1081344K
  class space    used 5341K, capacity 5584K, committed 5632K, reserved 1048576K
Event: 11.570 GC heap after
Heap after GC invocations=13 (full 2):
 PSYoungGen      total 121856K, used 7648K [0x00000000eab00000, 0x00000000f3b00000, 0x0000000100000000)
  eden space 114176K, 0% used [0x00000000eab00000,0x00000000eab00000,0x00000000f1a80000)
  from space 7680K, 99% used [0x00000000f1a80000,0x00000000f21f8010,0x00000000f2200000)
  to   space 9728K, 0% used [0x00000000f3180000,0x00000000f3180000,0x00000000f3b00000)
 ParOldGen       total 31232K, used 21608K [0x00000000c0000000, 0x00000000c1e80000, 0x00000000eab00000)
  object space 31232K, 69% used [0x00000000c0000000,0x00000000c151a138,0x00000000c1e80000)
 Metaspace       used 37498K, capacity 38164K, committed 38400K, reserved 1081344K
  class space    used 5341K, capacity 5584K, committed 5632K, reserved 1048576K
}

