# JRE version: Java(TM) SE Runtime Environment (8.0_202-b08) (build 1.8.0_202-b08)
# Java VM: Java HotSpot(TM) 64-Bit Server VM (25.202-b08 mixed mode windows-amd64 compressed oops)
Heap:
 PSYoungGen      total 229376K, used 151828K [0x00000000f0000000, 0x0000000100000000, 0x0000000100000000)
  eden space 196608K, 75% used [0x00000000f0000000,0x00000000f90c8e28,0x00000000fc000000)
  from space 32768K, 10% used [0x00000000fc000000,0x00000000fc37c360,0x00000000fe000000)
  to   space 20480K, 0% used [0x00000000fec00000,0x00000000fec00000,0x0000000100000000)
 ParOldGen       total 524288K, used 16210K [0x00000000d0000000, 0x00000000f0000000, 0x00000000f0000000)
  object space 524288K, 3% used [0x00000000d0000000,0x00000000d0fd4808,0x00000000f0000000)
 Metaspace       used 25313K, capacity 25910K, committed 25984K, reserved 1073152K
  class space    used 3027K, capacity 3176K, committed 3200K, reserved 1048576K
GC Heap History (10 events):
Event: 5.953 GC heap before
{Heap before GC invocations=2 (full 0):
 PSYoungGen      total 229376K, used 206171K [0x00000000f0000000, 0x0000000100000000, 0x0000000100000000)
  eden space 196608K, 100% used [0x00000000f0000000,0x00000000fc000000,0x00000000fc000000)
  from space 32768K, 29% used [0x00000000fc000000,0x00000000fc956dc8,0x00000000fe000000)
  to   space 32768K, 0% used [0x00000000fe000000,0x00000000fe000000,0x0000000100000000)
 ParOldGen       total 524288K, used 24K [0x00000000d0000000, 0x00000000f0000000, 0x00000000f0000000)
  object space 524288K, 0% used [0x00000000d0000000,0x00000000d0006000,0x00000000f0000000)
 Metaspace       used 15556K, capacity 15908K, committed 16000K, reserved 1062912K
  class space    used 1795K, capacity 1876K, committed 1920K, reserved 1048576K
Event: 5.970 GC heap after
Heap after GC invocations=2 (full 0):
 PSYoungGen      total 229376K, used 12782K [0x00000000f0000000, 0x0000000100000000, 0x0000000100000000)
  eden space 196608K, 0% used [0x00000000f0000000,0x00000000f0000000,0x00000000fc000000)
  from space 32768K, 39% used [0x00000000fe000000,0x00000000fec7ba10,0x0000000100000000)
  to   space 32768K, 0% used [0x00000000fc000000,0x00000000fc000000,0x00000000fe000000)
 ParOldGen       total 524288K, used 32K [0x00000000d0000000, 0x00000000f0000000, 0x00000000f0000000)
  object space 524288K, 0% used [0x00000000d0000000,0x00000000d0008000,0x00000000f0000000)
 Metaspace       used 15556K, capacity 15908K, committed 16000K, reserved 1062912K
  class space    used 1795K, capacity 1876K, committed 1920K, reserved 1048576K
}
Event: 7.538 GC heap before
{Heap before GC invocations=3 (full 0):
 PSYoungGen      total 229376K, used 209390K [0x00000000f0000000, 0x0000000100000000, 0x0000000100000000)
  eden space 196608K, 100% used [0x00000000f0000000,0x00000000fc000000,0x00000000fc000000)
  from space 32768K, 39% used [0x00000000fe000000,0x00000000fec7ba10,0x0000000100000000)
  to   space 32768K, 0% used [0x00000000fc000000,0x00000000fc000000,0x00000000fe000000)
 ParOldGen       total 524288K, used 32K [0x00000000d0000000, 0x00000000f0000000, 0x00000000f0000000)
  object space 524288K, 0% used [0x00000000d0000000,0x00000000d0008000,0x00000000f0000000)
 Metaspace       used 18386K, capacity 18856K, committed 18944K, reserved 1067008K
  class space    used 2183K, capacity 2298K, committed 2304K, reserved 1048576K
Event: 7.560 GC heap after
Heap after GC invocations=3 (full 0):
 PSYoungGen      total 229376K, used 14221K [0x00000000f0000000, 0x0000000100000000, 0x0000000100000000)
  eden space 196608K, 0% used [0x00000000f0000000,0x00000000f0000000,0x00000000fc000000)
  from space 32768K, 43% used [0x00000000fc000000,0x00000000fcde36f8,0x00000000fe000000)
  to   space 32768K, 0% used [0x00000000fe000000,0x00000000fe000000,0x0000000100000000)
 ParOldGen       total 524288K, used 48K [0x00000000d0000000, 0x00000000f0000000, 0x00000000f0000000)
  object space 524288K, 0% used [0x00000000d0000000,0x00000000d000c000,0x00000000f0000000)
 Metaspace       used 18386K, capacity 18856K, committed 18944K, reserved 1067008K
  class space    used 2183K, capacity 2298K, committed 2304K, reserved 1048576K
}
Event: 8.382 GC heap before
{Heap before GC invocations=4 (full 0):
 PSYoungGen      total 229376K, used 163931K [0x00000000f0000000, 0x0000000100000000, 0x0000000100000000)
  eden space 196608K, 76% used [0x00000000f0000000,0x00000000f9233760,0x00000000fc000000)
  from space 32768K, 43% used [0x00000000fc000000,0x00000000fcde36f8,0x00000000fe000000)
  to   space 32768K, 0% used [0x00000000fe000000,0x00000000fe000000,0x0000000100000000)
 ParOldGen       total 524288K, used 48K [0x00000000d0000000, 0x00000000f0000000, 0x00000000f0000000)
  object space 524288K, 0% used [0x00000000d0000000,0x00000000d000c000,0x00000000f0000000)
 Metaspace       used 20669K, capacity 21112K, committed 21296K, reserved 1069056K
  class space    used 2478K, capacity 2594K, committed 2688K, reserved 1048576K
Event: 8.404 GC heap after
Heap after GC invocations=4 (full 0):
 PSYoungGen      total 229376K, used 16472K [0x00000000f0000000, 0x0000000100000000, 0x0000000100000000)
  eden space 196608K, 0% used [0x00000000f0000000,0x00000000f0000000,0x00000000fc000000)
  from space 32768K, 50% used [0x00000000fe000000,0x00000000ff016270,0x0000000100000000)
  to   space 32768K, 0% used [0x00000000fc000000,0x00000000fc000000,0x00000000fe000000)
 ParOldGen       total 524288K, used 56K [0x00000000d0000000, 0x00000000f0000000, 0x00000000f0000000)
  object space 524288K, 0% used [0x00000000d0000000,0x00000000d000e000,0x00000000f0000000)
 Metaspace       used 20669K, capacity 21112K, committed 21296K, reserved 1069056K
  class space    used 2478K, capacity 2594K, committed 2688K, reserved 1048576K
}
Event: 8.404 GC heap before
{Heap before GC invocations=5 (full 1):
 PSYoungGen      total 229376K, used 16472K [0x00000000f0000000, 0x0000000100000000, 0x0000000100000000)
  eden space 196608K, 0% used [0x00000000f0000000,0x00000000f0000000,0x00000000fc000000)
  from space 32768K, 50% used [0x00000000fe000000,0x00000000ff016270,0x0000000100000000)
  to   space 32768K, 0% used [0x00000000fc000000,0x00000000fc000000,0x00000000fe000000)
 ParOldGen       total 524288K, used 56K [0x00000000d0000000, 0x00000000f0000000, 0x00000000f0000000)
  object space 524288K, 0% used [0x00000000d0000000,0x00000000d000e000,0x00000000f0000000)
 Metaspace       used 20669K, capacity 21112K, committed 21296K, reserved 1069056K
  class space    used 2478K, capacity 2594K, committed 2688K, reserved 1048576K
Event: 8.491 GC heap after
Heap after GC invocations=5 (full 1):
 PSYoungGen      total 229376K, used 0K [0x00000000f0000000, 0x0000000100000000, 0x0000000100000000)
  eden space 196608K, 0% used [0x00000000f0000000,0x00000000f0000000,0x00000000fc000000)
  from space 32768K, 0% used [0x00000000fe000000,0x00000000fe000000,0x0000000100000000)
  to   space 32768K, 0% used [0x00000000fc000000,0x00000000fc000000,0x00000000fe000000)
 ParOldGen       total 524288K, used 16202K [0x00000000d0000000, 0x00000000f0000000, 0x00000000f0000000)
  object space 524288K, 3% used [0x00000000d0000000,0x00000000d0fd2808,0x00000000f0000000)
 Metaspace       used 20669K, capacity 21112K, committed 21296K, reserved 1069056K
  class space    used 2478K, capacity 2594K, committed 2688K, reserved 1048576K
}
Event: 9.616 GC heap before
{Heap before GC invocations=6 (full 1):
 PSYoungGen      total 229376K, used 196608K [0x00000000f0000000, 0x0000000100000000, 0x0000000100000000)
  eden space 196608K, 100% used [0x00000000f0000000,0x00000000fc000000,0x00000000fc000000)
  from space 32768K, 0% used [0x00000000fe000000,0x00000000fe000000,0x0000000100000000)
  to   space 32768K, 0% used [0x00000000fc000000,0x00000000fc000000,0x00000000fe000000)
 ParOldGen       total 524288K, used 16202K [0x00000000d0000000, 0x00000000f0000000, 0x00000000f0000000)
  object space 524288K, 3% used [0x00000000d0000000,0x00000000d0fd2808,0x00000000f0000000)
 Metaspace       used 21844K, capacity 22330K, committed 22448K, reserved 1069056K
  class space    used 2622K, capacity 2733K, committed 2816K, reserved 1048576K
Event: 9.621 GC heap after
Heap after GC invocations=6 (full 1):
 PSYoungGen      total 229376K, used 3568K [0x00000000f0000000, 0x0000000100000000, 0x0000000100000000)
  eden space 196608K, 0% used [0x00000000f0000000,0x00000000f0000000,0x00000000fc000000)
  from space 32768K, 10% used [0x00000000fc000000,0x00000000fc37c360,0x00000000fe000000)
  to   space 20480K, 0% used [0x00000000fec00000,0x00000000fec00000,0x0000000100000000)
 ParOldGen       total 524288K, used 16210K [0x00000000d0000000, 0x00000000f0000000, 0x00000000f0000000)
  object space 524288K, 3% used [0x00000000d0000000,0x00000000d0fd4808,0x00000000f0000000)
 Metaspace       used 21844K, capacity 22330K, committed 22448K, reserved 1069056K
  class space    used 2622K, capacity 2733K, committed 2816K, reserved 1048576K
}

